2023-09-13 20:48:12 0 [Note] Starting MariaDB 10.4.28-MariaDB source revision c8f2e9a5c0ac5905f28b050b7df5a9ffd914b7e7 as process 24668
2023-09-13 20:48:12 0 [Note] InnoDB: Mutexes and rw_locks use Windows interlocked functions
2023-09-13 20:48:12 0 [Note] InnoDB: Uses event mutexes
2023-09-13 20:48:12 0 [Note] InnoDB: Compressed tables use zlib 1.2.12
2023-09-13 20:48:12 0 [Note] InnoDB: Number of pools: 1
2023-09-13 20:48:12 0 [Note] InnoDB: Using SSE2 crc32 instructions
2023-09-13 20:48:12 0 [Note] InnoDB: Initializing buffer pool, total size = 16M, instances = 1, chunk size = 16M
2023-09-13 20:48:12 0 [Note] InnoDB: Completed initialization of buffer pool
2023-09-13 20:48:12 0 [Note] InnoDB: Starting crash recovery from checkpoint LSN=300288
2023-09-13 20:48:13 0 [Note] InnoDB: 128 out of 128 rollback segments are active.
2023-09-13 20:48:13 0 [Note] InnoDB: Removed temporary tablespace data file: "ibtmp1"
2023-09-13 20:48:13 0 [Note] InnoDB: Creating shared tablespace for temporary tables
2023-09-13 20:48:13 0 [Note] InnoDB: Setting file 'C:\xampp5\mysql\data\ibtmp1' size to 12 MB. Physically writing the file full; Please wait ...
2023-09-13 20:48:13 0 [Note] InnoDB: File 'C:\xampp5\mysql\data\ibtmp1' size is now 12 MB.
2023-09-13 20:48:13 0 [Note] InnoDB: Waiting for purge to start
2023-09-13 20:48:13 0 [Note] InnoDB: 10.4.28 started; log sequence number 300297; transaction id 170
2023-09-13 20:48:13 0 [Note] InnoDB: Loading buffer pool(s) from C:\xampp5\mysql\data\ib_buffer_pool
2023-09-13 20:48:13 0 [Note] Plugin 'FEEDBACK' is disabled.
2023-09-13 20:48:13 0 [Note] Server socket created on IP: '::'.
2023-09-27 12:21:26 0 [Note] Starting MariaDB 10.4.28-MariaDB source revision c8f2e9a5c0ac5905f28b050b7df5a9ffd914b7e7 as process 9636
2023-09-27 12:21:26 0 [Note] InnoDB: Mutexes and rw_locks use Windows interlocked functions
2023-09-27 12:21:26 0 [Note] InnoDB: Uses event mutexes
2023-09-27 12:21:26 0 [Note] InnoDB: Compressed tables use zlib 1.2.12
2023-09-27 12:21:26 0 [Note] InnoDB: Number of pools: 1
2023-09-27 12:21:26 0 [Note] InnoDB: Using SSE2 crc32 instructions
2023-09-27 12:21:26 0 [Note] InnoDB: Initializing buffer pool, total size = 16M, instances = 1, chunk size = 16M
2023-09-27 12:21:26 0 [Note] InnoDB: Completed initialization of buffer pool
2023-09-27 12:21:26 0 [Note] InnoDB: Starting crash recovery from checkpoint LSN=854454
2023-09-27 12:21:26 0 [Note] InnoDB: 128 out of 128 rollback segments are active.
2023-09-27 12:21:26 0 [Note] InnoDB: Removed temporary tablespace data file: "ibtmp1"
2023-09-27 12:21:26 0 [Note] InnoDB: Creating shared tablespace for temporary tables
2023-09-27 12:21:26 0 [Note] InnoDB: Setting file 'C:\xampp5\mysql\data\ibtmp1' size to 12 MB. Physically writing the file full; Please wait ...
2023-09-27 12:21:26 0 [Note] InnoDB: File 'C:\xampp5\mysql\data\ibtmp1' size is now 12 MB.
2023-09-27 12:21:26 0 [Note] InnoDB: Waiting for purge to start
2023-09-27 12:21:26 0 [Note] InnoDB: 10.4.28 started; log sequence number 854463; transaction id 890
2023-09-27 12:21:26 0 [Note] InnoDB: Loading buffer pool(s) from C:\xampp5\mysql\data\ib_buffer_pool
2023-09-27 12:21:26 0 [Note] Plugin 'FEEDBACK' is disabled.
2023-09-27 12:21:26 0 [Note] InnoDB: Buffer pool(s) load completed at 230927 12:21:26
2023-09-27 12:21:26 0 [Note] Server socket created on IP: '::'.

this is a unique file